TN:
SF:/Users/swrajkant/Desktop/Web-Development /FullStack_NodeJS_Live_March2020-master/Lecture19/UnitTesting/fareutils.js
FN:10,calcFare
FNF:1
FNH:1
FNDA:3,calcFare
DA:2,1
DA:11,3
DA:12,3
DA:13,3
DA:14,3
DA:17,1
LF:6
LH:6
BRDA:12,0,0,1
BRDA:12,0,1,2
BRDA:13,1,0,1
BRDA:13,1,1,2
BRF:4
BRH:4
end_of_record
TN:
SF:/Users/swrajkant/Desktop/Web-Development /FullStack_NodeJS_Live_March2020-master/Lecture19/UnitTesting/server.js
FN:14,(anonymous_0)
FN:23,(anonymous_1)
FNF:2
FNH:1
FNDA:0,(anonymous_0)
FNDA:1,(anonymous_1)
DA:3,1
DA:4,1
DA:5,1
DA:7,1
DA:9,1
DA:10,1
DA:12,1
DA:14,1
DA:15,0
DA:16,0
DA:18,0
DA:20,0
DA:23,1
DA:24,1
DA:27,1
LF:15
LH:11
BRF:0
BRH:0
end_of_record
